comencryptbwt/app/build/outputs/mapping/release/seeds.txt
com.encrypt.bwt.XChaCha20Poly1305
com.encrypt.bwt.DecryptShareActivity
com.encrypt.bwt.EncryptShareActivity
com.encrypt.bwt.KeysRepository$loadKeys$type$1
com.encrypt.bwt.DecryptProcessActivity$onCreate$1
com.encrypt.bwt.ImportKeyActivity$Companion
com.encrypt.bwt.R$drawable
com.encrypt.bwt.DecryptShareActivity$askForKey$2$1
com.encrypt.bwt.KeysRepository$removeKey$1
com.encrypt.bwt.EncryptProcessActivity
com.encrypt.bwt.aegis.VerificationFailedException
com.encrypt.bwt.EncryptProcessActivity$askForKey$2$1
com.encrypt.bwt.QrScannerActivity
com.encrypt.bwt.KeyManagerActivity
com.encrypt.bwt.MainActivity$onCreate$1
com.encrypt.bwt.R$mipmap
com.encrypt.bwt.aegis.AesBlock
com.encrypt.bwt.databinding.DialogAddKeyBinding
com.encrypt.bwt.EncryptShareActivity$askForKey$2$2
com.encrypt.bwt.DecryptProcessActivity$askForKey$1
com.encrypt.bwt.ImportKeyActivity
com.encrypt.bwt.BuildConfig
com.encrypt.bwt.QrUtils
com.encrypt.bwt.DecryptProcessActivity$askForKey$2$1
com.encrypt.bwt.R$id
com.encrypt.bwt.EncryptDecryptHelper
com.encrypt.bwt.EncryptShareActivity$askForKey$1
com.encrypt.bwt.EncryptShareActivity$onCreate$1$1
com.encrypt.bwt.EncryptShareActivity$askForKey$2$1
com.encrypt.bwt.R$style
com.encrypt.bwt.DecryptShareActivity$askForKey$1
com.encrypt.bwt.EncryptProcessActivity$onCreate$1
com.encrypt.bwt.DecryptProcessActivity$askForKey$2$2
com.encrypt.bwt.MainActivity
com.encrypt.bwt.KeysRepository
com.encrypt.bwt.EncryptProcessActivity$askForKey$2$2
com.encrypt.bwt.EncryptProcessActivity$onCreate$1$1
com.encrypt.bwt.DecryptShareActivity$onCreate$1
com.encrypt.bwt.aegis.Aegis128L
com.encrypt.bwt.EncryptProcessActivity$askForKey$1
com.encrypt.bwt.R$array
com.encrypt.bwt.R$color
com.encrypt.bwt.KeysRepository$addKey$1
com.encrypt.bwt.aegis.Aegis256
com.encrypt.bwt.DecryptProcessActivity$onCreate$1$1
com.encrypt.bwt.EncryptShareActivity$onCreate$1
com.encrypt.bwt.databinding.ActivityKeyManagerBinding
com.encrypt.bwt.R$string
com.encrypt.bwt.R$xml
com.encrypt.bwt.R$layout
com.encrypt.bwt.DecryptProcessActivity
com.encrypt.bwt.databinding.ActivityMainBinding
com.encrypt.bwt.KeyItem
com.encrypt.bwt.DecryptShareActivity$askForKey$2$2
com.encrypt.bwt.DecryptShareActivity$onCreate$1$1
com.encrypt.bwt.aegis.AuthenticatedCiphertext
com.encrypt.bwt.R
com.encrypt.bwt.R$id: R$id()
com.encrypt.bwt.EncryptDecryptHelper: EncryptDecryptHelper()
com.encrypt.bwt.DecryptProcessActivity: DecryptProcessActivity()
com.encrypt.bwt.ImportKeyActivity: ImportKeyActivity()
com.encrypt.bwt.XChaCha20Poly1305: XChaCha20Poly1305()
com.encrypt.bwt.QrScannerActivity: QrScannerActivity()
com.encrypt.bwt.MainActivity: MainActivity()
com.encrypt.bwt.ImportKeyActivity$Companion: ImportKeyActivity$Companion()
com.encrypt.bwt.QrUtils: QrUtils()
com.encrypt.bwt.R$layout: R$layout()
com.encrypt.bwt.R$string: R$string()
com.encrypt.bwt.R$mipmap: R$mipmap()
com.encrypt.bwt.KeysRepository$loadKeys$type$1: KeysRepository$loadKeys$type$1()
com.encrypt.bwt.KeyManagerActivity: KeyManagerActivity()
com.encrypt.bwt.R: R()
com.encrypt.bwt.R$drawable: R$drawable()
com.encrypt.bwt.R$style: R$style()
com.encrypt.bwt.KeysRepository: KeysRepository()
com.encrypt.bwt.EncryptShareActivity: EncryptShareActivity()
com.encrypt.bwt.R$color: R$color()
com.encrypt.bwt.BuildConfig: BuildConfig()
com.encrypt.bwt.R$array: R$array()
com.encrypt.bwt.R$xml: R$xml()
com.encrypt.bwt.DecryptShareActivity: DecryptShareActivity()
com.encrypt.bwt.EncryptProcessActivity: EncryptProcessActivity()
...
androidx.compose.ui.input.pointer.PointerInteropFilter$pointerInputFilter$1$dispatchToView$3: java.lang.Object invoke(java.lang.Object)
androidx.compose.ui.modifier.ModifierLocalProvider: java.lang.Object getValue()
androidx.compose.ui.text.JvmAnnotatedString_jvmKt: androidx.compose.ui.text.AnnotatedString transform(androidx.compose.ui.text.AnnotatedString,kotlin.jvm.functions.Function3)
androidx.compose.ui.text.SpanStyleKt$resolveSpanStyleDefaults$1: androidx.compose.ui.text.style.TextForegroundStyle invoke()
androidx.constraintlayout.helper.widget.Flow: void setHorizontalAlign(int)
androidx.compose.ui.input.key.Key$Companion: long getSearch-EK5gGoQ()
androidx.compose.runtime.collection.MutableVectorKt: androidx.compose.runtime.collection.MutableVector mutableVectorOf(java.lang.Object[])
androidx.compose.ui.node.LayoutNodeDrawScope: long getCenter-F1C5BW0()
androidx.compose.ui.node.LayoutNodeDrawScope: void drawRoundRect-u-Aw5IA(long,long,long,long,androidx.compose.ui.graphics.drawscope.DrawStyle,float,androidx.compose.ui.graphics.ColorFilter,int)
androidx.compose.ui.text.AnnotatedString$Builder: void addUrlAnnotation(androidx.compose.ui.text.UrlAnnotation,int,int)
androidx.compose.ui.input.key.Key: long access$getWakeUp$cp()
androidx.compose.ui.node.NodeMeasuringIntrinsics$EmptyPlaceable: NodeMeasuringIntrinsics$EmptyPlaceable(int,int)
androidx.compose.ui.input.pointer.util.VelocityTrackerKt: boolean getVelocityTrackerStrategyUseImpulse()
androidx.compose.ui.node.NodeChain: androidx.compose.ui.node.NodeChain$Logger access$getLogger$p(androidx.compose.ui.node.NodeChain)
androidx.compose.ui.node.LayoutNodeLayoutDelegate: void access$performMeasure-BRTryo0(androidx.compose.ui.node.LayoutNodeLayoutDelegate,long)
com.google.android.material.snackbar.Snackbar$SnackbarLayout: void setOnClickListener(android.view.View$OnClickListener)
com.google.gson.internal.bind.JsonTreeReader: boolean nextBoolean()
androidx.compose.ui.graphics.colorspace.Illuminant: androidx.compose.ui.graphics.colorspace.WhitePoint getA()
androidx.compose.ui.graphics.drawscope.CanvasDrawScope$DrawParams: long component4-NH-jbRc()
androidx.compose.ui.layout.ContentScale$Companion$Inside$1: long computeScaleFactor-H7hwNQA(long,long)
androidx.compose.ui.autofill.Autofill: void cancelAutofillForNode(androidx.compose.ui.autofill.AutofillNode)
androidx.compose.ui.node.LayoutNode$NoIntrinsicsMeasurePolicy: LayoutNode$NoIntrinsicsMeasurePolicy(java.lang.String)
androidx.compose.ui.layout.LayoutNodeSubcompositionsState$PostLookaheadMeasureScopeImpl: float toPx--R2X_6o(long)
androidx.compose.runtime.SlotWriter: void moveSlotGapTo(int,int)
androidx.compose.ui.autofill.ContentType$Companion: androidx.compose.ui.autofill.ContentType getBirthDateDay()
androidx.compose.ui.unit.TextUnit: boolean equals-impl(long,java.lang.Object)
androidx.compose.ui.node.LookaheadDelegate: androidx.compose.ui.layout.LookaheadLayoutCoordinates getLookaheadLayoutCoordinates()
androidx.compose.ui.platform.AndroidViewConfiguration: long getDoubleTapTimeoutMillis()
androidx.compose.ui.graphics.vector.ImageVector: float getViewportWidth()
androidx.compose.runtime.external.kotlinx.collections.immutable.ExtensionsKt: androidx.compose.runtime.external.kotlinx.collections.immutable.PersistentMap minus(androidx.compose.runtime.external.kotlinx.collections.immutable.PersistentMap,java.lang.Object)
androidx.compose.ui.text.font.TypefaceRequestCache: androidx.compose.ui.text.caches.LruCache access$getResultCache$p(androidx.compose.ui.text.font.TypefaceRequestCache)
androidx.compose.ui.platform.DisposableSaveableStateRegistry: java.util.Map performSave()
androidx.compose.runtime.SlotWriter: int access$dataIndex(androidx.compose.runtime.SlotWriter,int)
androidx.compose.ui.text.ParagraphStyle: int getTextDirection-s_7X-co()
androidx.compose.ui.unit.DpKt: float coerceAtMost-YgX7TsA(float,float)