comencryptbwt/app/build/outputs/mapping/release/usage.txt
com.encrypt.bwt.BuildConfig:
    public static final java.lang.String APPLICATION_ID
    public static final java.lang.String BUILD_TYPE
    public static final java.lang.String COMMIT_SHA
    public static final boolean DEBUG
    public static final int VERSION_CODE
    public static final java.lang.String VERSION_NAME
com.encrypt.bwt.EncryptDecryptHelper:
    public static final int $stable
    private static final int IV_SIZE_GCM
    private static final int KEY_SIZE_BITS
    private static final int PBKDF2_ITERATIONS
    private static final int SALT_SIZE
com.encrypt.bwt.ImportKeyActivity:
    public static final int $stable
    public static final java.lang.String EXTRA_KEY_SCANNED
com.encrypt.bwt.KeyItem:
    public static final int $stable
    public final java.lang.String component1()
    public final java.lang.String component2()
    public final com.encrypt.bwt.KeyItem copy(java.lang.String,java.lang.String)
    public static synthetic com.encrypt.bwt.KeyItem copy$default(com.encrypt.bwt.KeyItem,java.lang.String,java.lang.String,int,java.lang.Object)
com.encrypt.bwt.KeysRepository:
    public static final int $stable
    private static final java.lang.String PREFS_FILE
    private static final java.lang.String PREFS_KEY_LIST
com.encrypt.bwt.QrScannerActivity:
    public static final int $stable
com.encrypt.bwt.QrUtils:
    public static final int $stable
com.encrypt.bwt.R$color:
    public static int hint_gray
    public static int purple_500
com.encrypt.bwt.R$drawable:
    public static int background
    public static int ic_launcher_background
    public static int ic_launcher_foreground
com.encrypt.bwt.R$id:
    public static int layout_key_manager
com.encrypt.bwt.R$mipmap:
    public static int ic_launcher
    public static int ic_launcher_foreground
    public static int ic_launcher_round
com.encrypt.bwt.R$string:
    public static int action_decrypt_label
    public static int action_encrypt_label
    public static int add_key_button
    public static int app_name
    public static int button_decrypt
    public static int button_encrypt
    public static int hint_decrypted_text
    public static int hint_encrypted_text
    public static int hint_enter_encrypted_text
    public static int hint_nickname
    public static int hint_plain_text
    public static int hint_secret
    public static int hint_secret_key
    public static int label_cipher_type
    public static int label_decrypted_text
    public static int label_encrypted_text
    public static int label_secret_key
    public static int label_text_to_encrypt
    public static int manage_keys_button_label
    public static int manage_keys_title
    public static int select_stored_key_button
    public static int share_decrypt_label
    public static int share_encrypt_label
com.encrypt.bwt.R$style:
    public static int MySpinnerDropDownItemStyle
    public static int MySpinnerStyle
    public static int Theme_Comencryptbwt
    public static int Theme_Encryption
com.encrypt.bwt.R$xml:
    public static int backup_rules
    public static int data_extraction_rules
com.encrypt.bwt.XChaCha20Poly1305:
    private static final int KEY_LEN
    private static final int NONCE_LEN
    private static final int TAG_LEN_BITS
com.encrypt.bwt.aegis.Aegis128L:
    com.encrypt.bwt.aegis.AesBlock[] state
    public void <init>(byte[],byte[],int)
    protected void absorb(byte[])
    protected byte[] dec(byte[])
    protected byte[] decLast(byte[])
    public byte[] decrypt(byte[],byte[])
    public byte[] decryptDetached(com.encrypt.bwt.aegis.AuthenticatedCiphertext,byte[])
    protected byte[] enc(byte[])
    public byte[] encrypt(byte[],byte[])
    public com.encrypt.bwt.aegis.AuthenticatedCiphertext encryptDetached(byte[],byte[])
    public static byte[] keygen()
    protected byte[] mac(int,int)
    public static byte[] noncegen()
    protected void update(com.encrypt.bwt.aegis.AesBlock,com.encrypt.bwt.aegis.AesBlock)
...
org.bouncycastle.crypto.digests.SHA256Digest:
    public final org.bouncycastle.crypto.CryptoServiceProperties cryptoServiceProperties()
    public final void processLength()
org.bouncycastle.crypto.digests.SHA384Digest:
    public final org.bouncycastle.crypto.CryptoServiceProperties cryptoServiceProperties()
org.bouncycastle.crypto.digests.SHA512Digest:
    public final org.bouncycastle.crypto.CryptoServiceProperties cryptoServiceProperties()
org.bouncycastle.crypto.digests.Utils$DefaultProperties:
    public final int bitsOfSecurity
    public final org.bouncycastle.crypto.CryptoServicePurpose purpose
org.bouncycastle.crypto.digests.Utils$DefaultPropertiesWithPRF:
    public final int bitsOfSecurity
    public final int prfBitsOfSecurity
    public final org.bouncycastle.crypto.CryptoServicePurpose purpose
org.bouncycastle.crypto.engines.AESEngine:
    public static int bitsOfSecurity()
    public static void decryptBlock()
    public static void encryptBlock()
    public static int[][] generateWorkingKey()
    public final java.lang.String getAlgorithmName()
    public final int getBlockSize()
org.bouncycastle.crypto.engines.CamelliaEngine:
    public boolean forEncryption
    public static int bitsOfSecurity$1()
    public static void decroldq(int,int[],int,int[],int)
    public static void decroldqo32(int,int[],int,int[],int)
    public final java.lang.String getAlgorithmName()
    public final int getBlockSize()
    public static int leftRotate(int)
    public static int processBlock128()
    public static int processBlock192or256()
    public static int rightRotate(int)
    public static void setKey()
org.bouncycastle.crypto.engines.ChaCha7539Engine:
    public final void advanceCounter()
    public final java.lang.String getAlgorithmName()
    public final int getNonceSize()
    public final void resetCounter()
org.bouncycastle.crypto.engines.ChaChaEngine
org.bouncycastle.crypto.engines.Salsa20Engine:
    public static final byte[] sigma
    public static final byte[] tau
    public abstract void advanceCounter()
    public abstract java.lang.String getAlgorithmName()
    public abstract int getNonceSize()
    public abstract void init(org.bouncycastle.crypto.CipherParameters)
    public abstract boolean limitExceeded()
    public abstract void packTauOrSigma()
    public final void reset()
    public abstract void resetCounter()
    public abstract void resetLimitCounter()
    public abstract void setKey(byte[],byte[])
org.bouncycastle.crypto.engines.Utils
org.bouncycastle.crypto.macs.Poly1305:
    public final org.bouncycastle.crypto.BlockCipher cipher
    public final byte[] singleByte
    public static int doFinal()
    public static int getMacSize()
    public final void reset()
    public static void setKey()
org.bouncycastle.crypto.modes.CTRModeCipher
org.bouncycastle.crypto.modes.ChaCha20Poly1305:
    public static void checkAAD()
    public final void checkData()
    public final void finishAAD(int)
    public static long incrementCount(long,int,long)
    public static void initMAC()
    public final void padMAC(long)
org.bouncycastle.crypto.modes.GCMBlockCipher:
    public static void gHASH()
    public final void gHASHBlock(byte[],byte[])
    public final void gHASHBlock(byte[],byte[],int)
    public final int getOutputSize(int)
    public static void processPartial()
    public static void reset()
org.bouncycastle.crypto.modes.SICBlockCipher
org.bouncycastle.crypto.modes.gcm.BasicGCMExponentiator:
    public static void exponentiateX()
    public static void init()
org.bouncycastle.crypto.modes.gcm.GCMExponentiator
org.bouncycastle.crypto.modes.gcm.GCMMultiplier
org.bouncycastle.crypto.modes.gcm.GCMUtil:
    public static void asBytes(long[],byte[])
    public static long[] asLongs(byte[])
    public static void xor$1(byte[],byte[],int)
org.bouncycastle.crypto.modes.gcm.Tables4kGCMMultiplier:
    public static void init()